CURRFX.AUDUSD.1
CURRFX.AUDNZD.1
CURRFX.AUDJPY.1
CURRFX.AUDGBP.1
CURRFX.AUDEUR.1
CURRFX.AUDCHF.1
CURRFX.AUDCAD.1
CURRFX.CADUSD.1
CURRFX.CADNZD.1
CURRFX.CADJPY.1
CURRFX.CADGBP.1
CURRFX.CADEUR.1
CURRFX.CADCHF.1
CURRFX.CHFUSD.1
CURRFX.CHFNZD.1
CURRFX.CHFJPY.1
CURRFX.CHFGBP.1
CURRFX.CHFEUR.1
CURRFX.EURUSD.1
CURRFX.EURNZD.1
CURRFX.EURJPY.1
CURRFX.EURGBP.1
CURRFX.GBPUSD.1
CURRFX.GBPNZD.1
CURRFX.GBPJPY.1
CURRFX.JPYUSD.1
CURRFX.JPYNZD.1
CURRFX.NZDUSD.1
YAHOO.INDEX_GDAXI.4
YAHOO.INDEX_FTSE.4
YAHOO.INDEX_AORD.4
NIKKEI.INDEX.4
YAHOO.INDEX_GSPTSE.4
OFDP.SILVER_5.1
WGC.GOLD_DAILY_USD.1
WSJ.COPPER.1
WSJ.CORN_2.1
WSJ.PL_MKT.1
OFDP.FUTURE_B1.4
FED.JRXWTFB_N_B.1
